18.09.2024 12:47:23 INFO  Hooks:61 - Base URI is https://library2.cydeo.com/rest/v1
18.09.2024 12:47:25 INFO  APIStepDefs:34 - Token is generated as librarian
18.09.2024 12:47:25 INFO  APIStepDefs:48 - Endpoint ---> /get_all_users
18.09.2024 12:47:26 INFO  APIStepDefs:53 - Response --> [
    {
        "id": "1",
        "name": "Admin"
    },
    {
        "id": "5734",
        "name": "Berniece Altenwerth"
    },
    {
        "id": "5735",
        "name": "Lamar Littel"
    },
    {
        "id": "5736",
        "name": "Freddy Walsh"
    },
    {
        "id": "5737",
        "name": "Dr. Joseph Tremblay"
    },
    {
        "id": "5738",
        "name": "Simona Bartell"
    },
    {
        "id": "17367",
        "name": "Test Student 1"
    },
    {
        "id": "17368",
        "name": "Test Student 2"
    },
    {
        "id": "17369",
        "name": "Test Student 3"
    },
    {
        "id": "17370",
        "name": "Test Student 4"
    },
    {
        "id": "17371",
        "name": "Test Student 5"
    },
    {
        "id": "17372",
        "name": "Test Student 6"
    },
    {
        "id": "17373",
        "name": "Test Student 7"
    },
    {
        "id": "17374",
        "name": "Test Student 8"
    },
    {
        "id": "17375",
        "name": "Test Student 9"
    },
    {
        "id": "17376",
        "name": "Test Student 10"
    },
    {
        "id": "17377",
        "name": "Test Librarian 1"
    },
    {
        "id": "17378",
        "name": "Test Librarian 2"
    },
    {
        "id": "17379",
        "name": "Test Librarian 3"
    },
    {
        "id": "17380",
        "name": "Test Librarian 4"
    },
    {
        "id": "17381",
        "name": "Test Librarian 5"
    },
    {
        "id": "17382",
        "name": "Test Librarian 6"
    },
    {
        "id": "17383",
        "name": "Test Librarian 7"
    },
    {
        "id": "17384",
        "name": "Test Librarian 8"
    },
    {
        "id": "17385",
        "name": "Test Librarian 9"
    },
    {
        "id": "17386",
        "name": "Test Librarian 10"
    },
    {
        "id": "17387",
        "name": "Test Student 11"
    },
    {
        "id": "17388",
        "name": "Test Student 12"
    },
    {
        "id": "17389",
        "name": "Test Student 13"
    },
    {
        "id": "17390",
        "name": "Test Student 14"
    },
    {
        "id": "17391",
        "name": "Test Student 15"
    },
    {
        "id": "17392",
        "name": "Test Student 16"
    },
    {
        "id": "17393",
        "name": "Test Student 17"
    },
    {
        "id": "17394",
        "name": "Test Student 18"
    },
    {
        "id": "17395",
        "name": "Test Student 19"
    },
    {
        "id": "17396",
        "name": "Test Student 20"
    },
    {
        "id": "17397",
        "name": "Test Librarian 11"
    },
    {
        "id": "17398",
        "name": "Test Librarian 12"
    },
    {
        "id": "17399",
        "name": "Test Librarian 13"
    },
    {
        "id": "17400",
        "name": "Test Librarian 14"
    },
    {
        "id": "17401",
        "name": "Test Librarian 15"
    },
    {
        "id": "17402",
        "name": "Test Librarian 16"
    },
    {
        "id": "17403",
        "name": "Test Librarian 17"
    },
    {
        "id": "17404",
        "name": "Test Librarian 18"
    },
    {
        "id": "17405",
        "name": "Test Librarian 19"
    },
    {
        "id": "17406",
        "name": "Test Librarian 20"
    },
    {
        "id": "17407",
        "name": "Test Student 21"
    },
    {
        "id": "17408",
        "name": "Test Student 22"
    },
    {
        "id": "17409",
        "name": "Test Student 23"
    },
    {
        "id": "17410",
        "name": "Test Student 24"
    },
    {
        "id": "17411",
        "name": "Test Student 25"
    },
    {
        "id": "17412",
        "name": "Test Student 26"
    },
    {
        "id": "17413",
        "name": "Test Student 27"
    },
    {
        "id": "17414",
        "name": "Test Student 28"
    },
    {
        "id": "17415",
        "name": "Test Student 29"
    },
    {
        "id": "17416",
        "name": "Test Student 30"
    },
    {
        "id": "17417",
        "name": "Test Librarian 21"
    },
    {
        "id": "17418",
        "name": "Test Librarian 22"
    },
    {
        "id": "17419",
        "name": "Test Librarian 23"
    },
    {
        "id": "17420",
        "name": "Test Librarian 24"
    },
    {
        "id": "17421",
        "name": "Test Librarian 25"
    },
    {
        "id": "17422",
        "name": "Test Librarian 26"
    },
    {
        "id": "17423",
        "name": "Test Librarian 27"
    },
    {
        "id": "17424",
        "name": "Test Librarian 28"
    },
    {
        "id": "17425",
        "name": "Test Librarian 29"
    },
    {
        "id": "17426",
        "name": "Test Librarian 30"
    },
    {
        "id": "17427",
        "name": "Test Student 31"
    },
    {
        "id": "17428",
        "name": "Test Student 32"
    },
    {
        "id": "17429",
        "name": "Test Student 33"
    },
    {
        "id": "17430",
        "name": "Test Student 34"
    },
    {
        "id": "17431",
        "name": "Test Student 35"
    },
    {
        "id": "17432",
        "name": "Test Student 36"
    },
    {
        "id": "17433",
        "name": "Test Student 37"
    },
    {
        "id": "17434",
        "name": "Test Student 38"
    },
    {
        "id": "17435",
        "name": "Test Student 39"
    },
    {
        "id": "17436",
        "name": "Test Student 40"
    },
    {
        "id": "17437",
        "name": "Test Librarian 31"
    },
    {
        "id": "17438",
        "name": "Test Librarian 32"
    },
    {
        "id": "17439",
        "name": "Test Librarian 33"
    },
    {
        "id": "17440",
        "name": "Test Librarian 34"
    },
    {
        "id": "17441",
        "name": "Test Librarian 35"
    },
    {
        "id": "17442",
        "name": "Test Librarian 36"
    },
    {
        "id": "17443",
        "name": "Test Librarian 37"
    },
    {
        "id": "17444",
        "name": "Test Librarian 38"
    },
    {
        "id": "17445",
        "name": "Test Librarian 39"
    },
    {
        "id": "17446",
        "name": "Test Librarian 40"
    },
    {
        "id": "17447",
        "name": "Test Student 41"
    },
    {
        "id": "17448",
        "name": "Test Student 42"
    },
    {
        "id": "17449",
        "name": "Test Student 43"
    },
    {
        "id": "17450",
        "name": "Test Student 44"
    },
    {
        "id": "17451",
        "name": "Test Student 45"
    },
    {
        "id": "17452",
        "name": "Test Student 46"
    },
    {
        "id": "17453",
        "name": "Test Student 47"
    },
    {
        "id": "17454",
        "name": "Test Student 48"
    },
    {
        "id": "17455",
        "name": "Test Student 49"
    },
    {
        "id": "17456",
        "name": "Test Student 50"
    },
    {
        "id": "17457",
        "name": "Test Librarian 41"
    },
    {
        "id": "17458",
        "name": "Test Librarian 42"
    },
    {
        "id": "17459",
        "name": "Test Librarian 43"
    },
    {
        "id": "17460",
        "name": "Test Librarian 44"
    },
    {
        "id": "17461",
        "name": "Test Librarian 45"
    },
    {
        "id": "17462",
        "name": "Test Librarian 46"
    },
    {
        "id": "17463",
        "name": "Test Librarian 47"
    },
    {
        "id": "17464",
        "name": "Test Librarian 48"
    },
    {
        "id": "17465",
        "name": "Test Librarian 49"
    },
    {
        "id": "17466",
        "name": "Test Librarian 50"
    },
    {
        "id": "17467",
        "name": "Test Student 51"
    },
    {
        "id": "17468",
        "name": "Test Student 52"
    },
    {
        "id": "17469",
        "name": "Test Student 53"
    },
    {
        "id": "17470",
        "name": "Test Student 54"
    },
    {
        "id": "17471",
        "name": "Test Student 55"
    },
    {
        "id": "17472",
        "name": "Test Student 56"
    },
    {
        "id": "17473",
        "name": "Test Student 57"
    },
    {
        "id": "17474",
        "name": "Test Student 58"
    },
    {
        "id": "17475",
        "name": "Test Student 59"
    },
    {
        "id": "17476",
        "name": "Test Student 60"
    },
    {
        "id": "17477",
        "name": "Test Librarian 51"
    },
    {
        "id": "17478",
        "name": "Test Librarian 52"
    },
    {
        "id": "17479",
        "name": "Test Librarian 53"
    },
    {
        "id": "17480",
        "name": "Test Librarian 54"
    },
    {
        "id": "17481",
        "name": "Test Librarian 55"
    },
    {
        "id": "17482",
        "name": "Test Librarian 56"
    },
    {
        "id": "17483",
        "name": "Test Librarian 57"
    },
    {
        "id": "17484",
        "name": "Test Librarian 58"
    },
    {
        "id": "17485",
        "name": "Test Librarian 59"
    },
    {
        "id": "17486",
        "name": "Test Librarian 60"
    },
    {
        "id": "17487",
        "name": "SRtest"
    },
    {
        "id": "17488",
        "name": "SRstudent"
    },
    {
        "id": "17489",
        "name": "Test Librarian 1000 (Please do not change)"
    },
    {
        "id": "17490",
        "name": "Test Student 1000  (Please do not change)"
    },
    {
        "id": "17491",
        "name": "student7474"
    },
    {
        "id": "17492",
        "name": "Muhtar M"
    },
    {
        "id": "17493",
        "name": "JJ"
    },
    {
        "id": "17494",
        "name": "Muhtar M"
    },
    {
        "id": "17495",
        "name": "Mike James"
    },
    {
        "id": "17496",
        "name": "James Mike"
    },
    {
        "id": "17497",
        "name": "Test Student 100  (Please do not change)"
    },
    {
        "id": "17498",
        "name": "Test Student 99"
    },
    {
        "id": "17499",
        "name": "fafafa"
    },
    {
        "id": "17500",
        "name": "Adam Sandler"
    },
    {
        "id": "17501",
        "name": "Ada Dan"
    },
    {
        "id": "17502",
        "name": "Kamala Harris"
    },
    {
        "id": "17503",
        "name": "Edi Rama"
    },
    {
        "id": "17504",
        "name": "Naail"
    },
    {
        "id": "17505",
        "name": "Ilir Meta"
    },
    {
        "id": "17506",
        "name": "Darien R"
    },
    {
        "id": "17507",
        "name": "Naz"
    },
    {
        "id": "17508",
        "name": "Jack Reacher"
    },
    {
        "id": "17509",
        "name": "Eugenie N"
    },
    {
        "id": "17510",
        "name": "Aya M"
    },
    {
        "id": "17511",
        "name": "aylin"
    },
    {
        "id": "17512",
        "name": "Ahmed G"
    },
    {
        "id": "17513",
        "name": "David G"
    },
    {
        "id": "17514",
        "name": "aylin"
    },
    {
        "id": "17515",
        "name": "AyaStudent M"
    },
    {
        "id": "17516",
        "name": "MTS"
    },
    {
        "id": "17517",
        "name": "Onauma"
    },
    {
        "id": "17518",
        "name": "Eugenie N"
    },
    {
        "id": "17519",
        "name": "Darien R"
    },
    {
        "id": "17520",
        "name": "Yushan K"
    },
    {
        "id": "17521",
        "name": "David G"
    },
    {
        "id": "17522",
        "name": "Nigmat H"
    },
    {
        "id": "17523",
        "name": "MTS1"
    },
    {
        "id": "17524",
        "name": "ahmed Admin"
    },
    {
        "id": "17525",
        "name": "Yushan K"
    },
    {
        "id": "17526",
        "name": "SR"
    },
    {
        "id": "17527",
        "name": "Abdellah Z"
    },
    {
        "id": "17528",
        "name": "Onauma S"
    },
    {
        "id": "17529",
        "name": "SR2"
    },
    {
        "id": "17530",
        "name": "Vincent B"
    },
    {
        "id": "17531",
        "name": "Lyla Z"
    },
    {
        "id": "17532",
        "name": "Abdellah Z"
    },
    {
        "id": "17533",
        "name": "student1098"
    },
    {
        "id": "17534",
        "name": "Vincent Boateng"
    },
    {
        "id": "17535",
        "name": "Artur N"
    },
    {
        "id": "17536",
        "name": "Artur N"
    },
    {
        "id": "17537",
        "name": "Lyla Z"
    },
    {
        "id": "17538",
        "name": "Tavin Sornloon"
    },
    {
        "id": "17539",
        "name": "Adilya D"
    },
    {
        "id": "17540",
        "name": "Seniye K"
    },
    {
        "id": "17541",
        "name": "Adilya D"
    },
    {
        "id": "17542",
        "name": "sagas"
    },
    {
        "id": "17543",
        "name": "Tavin Student"
    },
    {
        "id": "17544",
        "name": "Nigmat H"
    },
    {
        "id": "17545",
        "name": "Hsn Akd"
    },
    {
        "id": "17546",
        "name": "Hsn Akd 26"
    },
    {
        "id": "17547",
        "name": "Muhammad M"
    },
    {
        "id": "17548",
        "name": "Muhammad M"
    },
    {
        "id": "17549",
        "name": "Seniye K"
    },
    {
        "id": "17550",
        "name": "Sinisa B"
    },
    {
        "id": "17551",
        "name": "Sinisa B2"
    },
    {
        "id": "17552",
        "name": "Ada D"
    },
    {
        "id": "17553",
        "name": "Ada D"
    },
    {
        "id": "17554",
        "name": "Ms. Blaine Keebler"
    },
    {
        "id": "17555",
        "name": "Vivian "
    },
    {
        "id": "17556",
        "name": "vivianst"
    },
    {
        "id": "17557",
        "name": "DO NOT TOUCH "
    },
    {
        "id": "17558",
        "name": "DONOTTOUCHADMIN"
    },
    {
        "id": "17559",
        "name": "Mehmet"
    },
    {
        "id": "17560",
        "name": "Sora"
    },
    {
        "id": "17561",
        "name": "TestUser"
    },
    {
        "id": "17562",
        "name": "Willette Cole"
    },
    {
        "id": "17563",
        "name": "onauma student"
    },
    {
        "id": "17564",
        "name": "Elease Morar"
    },
    {
        "id": "17565",
        "name": "Timothy Ullrich"
    },
    {
        "id": "17566",
        "name": "Don Rose"
    },
    {
        "id": "17567",
        "name": "John Elle"
    },
    {
        "id": "17568",
        "name": "Vince Boateng"
    },
    {
        "id": "17569",
        "name": "Admin Vincent B"
    },
    {
        "id": "17570",
        "name": "Vincent B"
    },
    {
        "id": "17571",
        "name": "Vince Boateng"
    },
    {
        "id": "17572",
        "name": "Irma Pinc"
    },
    {
        "id": "17573",
        "name": "Student Prefect"
    },
    {
        "id": "17574",
        "name": "Edith Lang"
    },
    {
        "id": "17575",
        "name": "Brandon Crist IV"
    },
    {
        "id": "17576",
        "name": "Jon Don"
    },
    {
        "id": "17577",
        "name": "Priscila Doyle"
    },
    {
        "id": "17578",
        "name": "Delena Wolf"
    },
    {
        "id": "17579",
        "name": "Kimberli Bradtke IV"
    },
    {
        "id": "17580",
        "name": "Troy Stoltenberg"
    },
    {
        "id": "17581",
        "name": "Connie Kohler"
    },
    {
        "id": "17582",
        "name": "Liliana Luettgen I"
    },
    {
        "id": "17583",
        "name": "Marion Johnson"
    },
    {
        "id": "17584",
        "name": "Ethelyn Walsh"
    },
    {
        "id": "17585",
        "name": "Mr. Octavio Ritchie"
    },
    {
        "id": "17586",
        "name": "Yesenia Weber"
    },
    {
        "id": "17587",
        "name": "Leroy Kshlerin"
    },
    {
        "id": "17588",
        "name": "Dr. Reynaldo Jast"
    },
    {
        "id": "17589",
        "name": "Vanita Nikolaus I"
    },
    {
        "id": "17590",
        "name": "Shayne Kuhn"
    },
    {
        "id": "17591",
        "name": "Ali Breitenberg"
    },
    {
        "id": "17592",
        "name": "Mohammed Murphy"
    },
    {
        "id": "17593",
        "name": "Anneliese Jenkins"
    },
    {
        "id": "17594",
        "name": "Leanna Smitham"
    },
    {
        "id": "17595",
        "name": "Zola Johns"
    },
    {
        "id": "17596",
        "name": "Violette Brown"
    },
    {
        "id": "17597",
        "name": "Miss Guillermo Shanahan"
    },
    {
        "id": "17598",
        "name": "Darline Swift"
    },
    {
        "id": "17599",
        "name": "Christopher Harber"
    },
    {
        "id": "17600",
        "name": "Madalyn Kemmer"
    },
    {
        "id": "17601",
        "name": "Oscar Schuppe"
    },
    {
        "id": "17602",
        "name": "Fleta Maggio III"
    },
    {
        "id": "17603",
        "name": "Danny Goldner"
    },
    {
        "id": "17604",
        "name": "Waldo Lindgren"
    },
    {
        "id": "17605",
        "name": "Meaghan Schoen"
    },
    {
        "id": "17606",
        "name": "Kerry Stehr DVM"
    },
    {
        "id": "17607",
        "name": "Ardelia Hettinger"
    },
    {
        "id": "17608",
        "name": "Rema Nader DVM"
    },
    {
        "id": "17610",
        "name": "Jacinto Weissnat"
    },
    {
        "id": "17611",
        "name": "Dortha Sanford MD"
    },
    {
        "id": "17612",
        "name": "Roselee Nader"
    },
    {
        "id": "17613",
        "name": "Dione Bogan"
    },
    {
        "id": "17614",
        "name": "Katie Terry"
    },
    {
        "id": "17615",
        "name": "Patricia Heathcote"
    },
    {
        "id": "17616",
        "name": "Kenny Hahn"
    },
    {
        "id": "17617",
        "name": "Carrie Kuhic"
    },
    {
        "id": "17618",
        "name": "Drew Williamson"
    },
    {
        "id": "17619",
        "name": "Alma Auer"
    },
    {
        "id": "17620",
        "name": "Diane Rohan"
    },
    {
        "id": "17621",
        "name": "Dean Hartmann"
    },
    {
        "id": "17622",
        "name": "Mrs. Jody Hermann MD"
    },
    {
        "id": "17623",
        "name": "Miss Joan Veum"
    },
    {
        "id": "17624",
        "name": "Estelle Weber"
    },
    {
        "id": "17625",
        "name": "Luz Hermann"
    },
    {
        "id": "17626",
        "name": "Mo Do"
    },
    {
        "id": "17627",
        "name": "Sonya"
    },
    {
        "id": "17628",
        "name": "Molly Doe"
    },
    {
        "id": "17629",
        "name": "Nick"
    },
    {
        "id": "17630",
        "name": "Sveta K"
    },
    {
        "id": "17631",
        "name": "Milly Doe"
    },
    {
        "id": "17632",
        "name": "Savoya JJ"
    },
    {
        "id": "17633",
        "name": "Mully Do"
    },
    {
        "id": "17634",
        "name": "Savoya JJ"
    },
    {
        "id": "17635",
        "name": "Kelly"
    },
    {
        "id": "17636",
        "name": "donna karan"
    },
    {
        "id": "17637",
        "name": "Milka Doe"
    },
    {
        "id": "17638",
        "name": "Milka"
    },
    {
        "id": "17639",
        "name": "Milka"
    },
    {
        "id": "17640",
        "name": "Milka"
    },
    {
        "id": "17641",
        "name": "Cat"
    },
    {
        "id": "17642",
        "name": "Catty"
    },
    {
        "id": "17643",
        "name": "Lymaan"
    },
    {
        "id": "17644",
        "name": "Syftzr"
    },
    {
        "id": "17645",
        "name": "John Doe"
    },
    {
        "id": "17646",
        "name": "Mike Doe"
    },
    {
        "id": "17647",
        "name": "Abdellah Z"
    },
    {
        "id": "17648",
        "name": "Abdellah Z"
    },
    {
        "id": "17649",
        "name": "Mrs. Svetlana Kirlin"
    },
    {
        "id": "17650",
        "name": "Shantelle Mante"
    },
    {
        "id": "17651",
        "name": "Dwayne Berge"
    },
    {
        "id": "17652",
        "name": "Michel Mueller"
    },
    {
        "id": "17653",
        "name": "Tilda Labadie I"
    },
    {
        "id": "17654",
        "name": "Cheyenne Huel DDS"
    },
    {
        "id": "17655",
        "name": "Yung Ernser"
    },
    {
        "id": "17656",
        "name": "Dean Blick"
    },
    {
        "id": "17657",
        "name": "Julio Balistreri V"
    },
    {
        "id": "17658",
        "name": "Zachariah McClure"
    },
    {
        "id": "17659",
        "name": "Gladys Kuphal"
    },
    {
        "id": "17660",
        "name": "Laticia Dooley"
    },
    {
        "id": "17661",
        "name": "Jarod Ritchie"
    },
    {
        "id": "17662",
        "name": "Angel Lebsack"
    },
    {
        "id": "17663",
        "name": "Harvey McLaughlin"
    },
    {
        "id": "17665",
        "name": "Sterling Koss"
    },
    {
        "id": "17666",
        "name": "Percy Predovic"
    },
    {
        "id": "17667",
        "name": "syftzradmin"
    },
    {
        "id": "17668",
        "name": "syftzr1"
    },
    {
        "id": "17669",
        "name": "John Doe"
    },
    {
        "id": "17670",
        "name": "Vin Diesel"
    },
    {
        "id": "17671",
        "name": "Michael Jordan"
    },
    {
        "id": "17672",
        "name": "Michael Jordan"
    },
    {
        "id": "17673",
        "name": "Michael Jordan3"
    },
    {
        "id": "17674",
        "name": "Michael Jordan4"
    },
    {
        "id": "17675",
        "name": "Michael Jordan5"
    },
    {
        "id": "17676",
        "name": "Mr. Timothy Kuvalis"
    },
    {
        "id": "17677",
        "name": "Beverly Thiel"
    },
    {
        "id": "17678",
        "name": "Rufus Mitchell-Streich"
    },
    {
        "id": "17679",
        "name": "Mr. Fredrick Hamill-Stehr"
    },
    {
        "id": "17680",
        "name": "Blanca Bode II"
    },
    {
        "id": "17681",
        "name": "Enrique Wilkinson"
    },
    {
        "id": "17682",
        "name": "Abel Daugherty"
    },
    {
        "id": "17683",
        "name": "Sue McKenzie"
    },
    {
        "id": "17684",
        "name": "Brad Dickinson MD"
    },
    {
        "id": "17685",
        "name": "Ken Trantow-Schuster III"
    },
    {
        "id": "17686",
        "name": "Eula Schaefer"
    },
    {
        "id": "17687",
        "name": "Rudy Murphy"
    },
    {
        "id": "17688",
        "name": "Gene Cronin"
    },
    {
        "id": "17689",
        "name": "Limon"
    },
    {
        "id": "17690",
        "name": "Limon"
    },
    {
        "id": "17691",
        "name": "Student Bob"
    },
    {
        "id": "17692",
        "name": "Bob"
    },
    {
        "id": "17693",
        "name": "Bob2"
    },
    {
        "id": "17694",
        "name": "Hien Langosh"
    },
    {
        "id": "17695",
        "name": "Rodney Mraz"
    },
    {
        "id": "17696",
        "name": "Takisha Welch"
    },
    {
        "id": "17697",
        "name": "Ervin Ritchie"
    },
    {
        "id": "17698",
        "name": "Lorenza Altenwerth"
    },
    {
        "id": "17699",
        "name": "Romeo Ziemann"
    },
    {
        "id": "17700",
        "name": "Isela Greenholt"
    },
    {
        "id": "17701",
        "name": "Zulma Abernathy"
    },
    {
        "id": "17702",
        "name": "Mellisa Mayer"
    },
    {
        "id": "17703",
        "name": "Shirley Weimann"
    },
    {
        "id": "17705",
        "name": "Brenton Flatley"
    },
    {
        "id": "17706",
        "name": "Lawerence Stehr"
    },
    {
        "id": "17707",
        "name": "Clinton Considine"
    },
    {
        "id": "17708",
        "name": "Kim Bosco Sr."
    },
    {
        "id": "17709",
        "name": "Donnette Treutel Jr."
    },
    {
        "id": "17710",
        "name": "Arron Bergstrom"
    },
    {
        "id": "17712",
        "name": "Britt Baumbach"
    },
    {
        "id": "17713",
        "name": "Jackson Flatley"
    },
    {
        "id": "17714",
        "name": "Ricardo Romaguera"
    },
    {
        "id": "17715",
        "name": "Jama Jones"
    },
    {
        "id": "17716",
        "name": "Thalia Streich"
    },
    {
        "id": "17717",
        "name": "Lavern Pfannerstill DDS"
    },
    {
        "id": "17718",
        "name": "Gail Conn"
    },
    {
        "id": "17719",
        "name": "John Mertz MD"
    },
    {
        "id": "17720",
        "name": "Juliane Daugherty"
    },
    {
        "id": "17723",
        "name": "Larry Green"
    },
    {
        "id": "17724",
        "name": "Marlon Cole"
    },
    {
        "id": "17725",
        "name": "Maryjo Donnelly"
    },
    {
        "id": "17726",
        "name": "Pearlene Schmitt"
    },
    {
        "id": "17727",
        "name": "Murray Stokes"
    },
    {
        "id": "17728",
        "name": "Kasi Bosco"
    },
    {
        "id": "17729",
        "name": "onauma student please do not deleted"
    },
    {
        "id": "17730",
        "name": "MS"
    },
    {
        "id": "17731",
        "name": "Mike Smith"
    },
    {
        "id": "17732",
        "name": "John Doe"
    },
    {
        "id": "17733",
        "name": "Yasemin E"
    },
    {
        "id": "17734",
        "name": "Jasmine E"
    },
    {
        "id": "17735",
        "name": "Alesha Torp"
    },
    {
        "id": "17736",
        "name": "Dion Harris V"
    },
    {
        "id": "17737",
        "name": "Fernando Beatty Sr."
    },
    {
        "id": "17741",
        "name": "Annemarie Witting"
    },
    {
        "id": "17742",
        "name": "Leoma Senger"
    },
    {
        "id": "17743",
        "name": "Elmo Jerde"
    },
    {
        "id": "17744",
        "name": "Laureen Howe"
    },
    {
        "id": "17745",
        "name": "Bonny Abshire Sr."
    },
    {
        "id": "17747",
        "name": "Joana Schoen"
    },
    {
        "id": "17749",
        "name": "Quinn Nolan"
    },
    {
        "id": "17750",
        "name": "Opal Lakin"
    },
    {
        "id": "17751",
        "name": "Antonette Grady"
    },
    {
        "id": "17752",
        "name": "Arden Windler"
    },
    {
        "id": "17753",
        "name": "Iliana Stark"
    },
    {
        "id": "17754",
        "name": "Dexter Mayer"
    },
    {
        "id": "17755",
        "name": "Rocky Hermann III"
    },
    {
        "id": "17756",
        "name": "Nydia Runolfsson"
    },
    {
        "id": "17759",
        "name": "Lillia Runte"
    },
    {
        "id": "17760",
        "name": "Jenee Schulist DVM"
    },
    {
        "id": "17761",
        "name": "Rocco Ankunding"
    },
    {
        "id": "17762",
        "name": "Kurt Hermann II"
    },
    {
        "id": "17763",
        "name": "Chet Ferry"
    },
    {
        "id": "17764",
        "name": "Dong Dietrich"
    },
    {
        "id": "17765",
        "name": "Aleshia Lang PhD"
    },
    {
        "id": "17766",
        "name": "Hayden Greenfelder V"
    },
    {
        "id": "17768",
        "name": "Kendall Hand"
    },
    {
        "id": "17769",
        "name": "mikey"
    },
    {
        "id": "17771",
        "name": "Whitney Denesik"
    },
    {
        "id": "17773",
        "name": "Dulcie Ward"
    },
    {
        "id": "17774",
        "name": "Lyle Kovacek III"
    },
    {
        "id": "17775",
        "name": "Ramon Barrows"
    },
    {
        "id": "17777",
        "name": "Hoyt Ortiz"
    },
    {
        "id": "17778",
        "name": "Rosia Nicolas Sr."
    },
    {
        "id": "17779",
        "name": "Sergio Gibson II"
    },
    {
        "id": "17780",
        "name": "Scotty Schroeder"
    },
    {
        "id": "17781",
        "name": "Sammy Kihn"
    },
    {
        "id": "17782",
        "name": "Rickie Bogan V"
    },
    {
        "id": "17783",
        "name": "Hector Dare"
    },
    {
        "id": "17784",
        "name": "Kenneth Blick"
    },
    {
        "id": "17786",
        "name": "Tyron Smitham DVM"
    },
    {
        "id": "17787",
        "name": "Henriette Torphy"
    },
    {
        "id": "17788",
        "name": "Jermaine Sauer"
    },
    {
        "id": "17789",
        "name": "Sidney Kovacek"
    },
    {
        "id": "17790",
        "name": "Amiee Smitham"
    },
    {
        "id": "17791",
        "name": "Raelene Kulas"
    },
    {
        "id": "17792",
        "name": "tes test"
    },
    {
        "id": "17793",
        "name": "1erfwefwef qwerfwefg"
    },
    {
        "id": "17794",
        "name": "test testetstster"
    },
    {
        "id": "17795",
        "name": "Boban"
    },
    {
        "id": "17796",
        "name": "Emily Crist"
    },
    {
        "id": "17797",
        "name": "Noel Waelchi"
    },
    {
        "id": "17798",
        "name": "Monica Gellar"
    },
    {
        "id": "17799",
        "name": "Josh Wisozk"
    },
    {
        "id": "17801",
        "name": "Anja Greenholt"
    },
    {
        "id": "17802",
        "name": "Travis Langosh Sr."
    },
    {
        "id": "17803",
        "name": "Orval Schinner"
    },
    {
        "id": "17805",
        "name": "Walton Keeling"
    },
    {
        "id": "17806",
        "name": "syftzrstudent"
    },
    {
        "id": "17807",
        "name": "syftzrlibrarian"
    },
    {
        "id": "17808",
        "name": "Bennie Prohaska"
    },
    {
        "id": "17809",
        "name": "Filomena Reinger"
    },
    {
        "id": "17810",
        "name": "Duane"
    },
    {
        "id": "17811",
        "name": "Duane"
    },
    {
        "id": "17812",
        "name": "Takhir"
    },
    {
        "id": "17813",
        "name": "Raksana"
    },
    {
        "id": "17814",
        "name": "Raksana"
    },
    {
        "id": "17815",
        "name": "John Doe"
    },
    {
        "id": "17816",
        "name": "John Doe"
    },
    {
        "id": "17817",
        "name": "John Doe"
    },
    {
        "id": "17818",
        "name": "John Doe"
    },
    {
        "id": "17819",
        "name": "John Doe"
    },
    {
        "id": "17820",
        "name": "John Doe"
    },
    {
        "id": "17821",
        "name": "John Doe"
    },
    {
        "id": "17822",
        "name": "John Doe"
    },
    {
        "id": "17823",
        "name": "John Doe"
    },
    {
        "id": "17824",
        "name": "John Doe"
    },
    {
        "id": "17825",
        "name": "John Doe"
    },
    {
        "id": "17826",
        "name": "John Doe"
    },
    {
        "id": "17827",
        "name": "John Doe"
    },
    {
        "id": "17828",
        "name": "John Doe"
    },
    {
        "id": "17829",
        "name": "John Doe"
    },
    {
        "id": "17830",
        "name": "John Doe"
    },
    {
        "id": "17831",
        "name": "John Doe"
    },
    {
        "id": "17832",
        "name": "John Doe"
    },
    {
        "id": "17833",
        "name": "John Doe"
    },
    {
        "id": "17834",
        "name": "John Doe"
    },
    {
        "id": "17835",
        "name": "John Doe"
    },
    {
        "id": "17836",
        "name": "John Doe"
    },
    {
        "id": "17837",
        "name": "John Doe"
    },
    {
        "id": "17838",
        "name": "John Doe"
    },
    {
        "id": "17839",
        "name": "John Doe"
    },
    {
        "id": "17840",
        "name": "John Doe"
    },
    {
        "id": "17841",
        "name": "John Doe"
    },
    {
        "id": "17842",
        "name": "John Doe"
    },
    {
        "id": "17843",
        "name": "John Doe"
    },
    {
        "id": "17844",
        "name": "Annamae Legros"
    },
    {
        "id": "17845",
        "name": "Margarette Simonis"
    },
    {
        "id": "17846",
        "name": "Wolf SV"
    },
    {
        "id": "17847",
        "name": "Wolf SV"
    },
    {
        "id": "17848",
        "name": "John Doe"
    },
    {
        "id": "17849",
        "name": "John Doe"
    },
    {
        "id": "17850",
        "name": "Joanna Fay V"
    },
    {
        "id": "17851",
        "name": "Everett Morar"
    },
    {
        "id": "17852",
        "name": "Ted Ryan"
    },
    {
        "id": "17853",
        "name": "Vicki Herzog"
    },
    {
        "id": "17854",
        "name": "Rhonda O'Connell"
    },
    {
        "id": "17855",
        "name": "Dr. Belinda Ritchie"
    },
    {
        "id": "17856",
        "name": "Joey Dickens"
    },
    {
        "id": "17857",
        "name": "Stella Moore"
    },
    {
        "id": "17858",
        "name": "Alton Predovic"
    },
    {
        "id": "17859",
        "name": "Jonathon Stracke"
    },
    {
        "id": "17860",
        "name": "Lori Glover IV"
    },
    {
        "id": "17861",
        "name": "Kristina VonRueden"
    },
    {
        "id": "17862",
        "name": "Dr. Eduardo Sanford"
    },
    {
        "id": "17863",
        "name": "Robyn Kub"
    },
    {
        "id": "17864",
        "name": "Lela Hane"
    },
    {
        "id": "17865",
        "name": "Mr. Lewis Bruen"
    },
    {
        "id": "17866",
        "name": "Khusan S"
    },
    {
        "id": "17867",
        "name": "Khusan S"
    },
    {
        "id": "17868",
        "name": "tes name "
    },
    {
        "id": "17869",
        "name": "Nick Amirb"
    },
    {
        "id": "17870",
        "name": "Nick Amirb"
    },
    {
        "id": "17871",
        "name": "Denny Beatty"
    },
    {
        "id": "17872",
        "name": "Chas Hirthe"
    },
    {
        "id": "17873",
        "name": "Ossie Konopelski MD"
    },
    {
        "id": "17874",
        "name": "Carol Marvin"
    },
    {
        "id": "17875",
        "name": "Yakup Y"
    },
    {
        "id": "17876",
        "name": "Yakup Y"
    },
    {
        "id": "17877",
        "name": "Tester"
    },
    {
        "id": "17878",
        "name": "Dennis Rippin"
    },
    {
        "id": "17879",
        "name": "Devon Larson"
    },
    {
        "id": "17880",
        "name": "Lucie Dicki"
    },
    {
        "id": "17881",
        "name": "Tester1"
    },
    {
        "id": "17882",
        "name": "Tester2"
    },
    {
        "id": "17883",
        "name": "Tester3"
    },
    {
        "id": "17884",
        "name": "Tester3"
    },
    {
        "id": "17885",
        "name": "Tester3"
    },
    {
        "id": "17886",
        "name": "Tester3"
    },
    {
        "id": "17887",
        "name": "Tester3"
    },
    {
        "id": "17888",
        "name": "John Tester"
    },
    {
        "id": "17889",
        "name": "Enis A"
    },
    {
        "id": "17890",
        "name": "Enis A"
    },
    {
        "id": "17891",
        "name": "Cornelius Kulas Jr."
    },
    {
        "id": "17893",
        "name": "Halid E"
    },
    {
        "id": "17894",
        "name": "Halid E"
    },
    {
        "id": "17895",
        "name": "Shawn Hodkiewicz"
    },
    {
        "id": "17896",
        "name": "Linn Walsh IV"
    },
    {
        "id": "17897",
        "name": "Blair Lynch PhD"
    },
    {
        "id": "17898",
        "name": "Sean D'Amore"
    },
    {
        "id": "17899",
        "name": "Tobie Bartoletti"
    },
    {
        "id": "17912",
        "name": "Monserrat"
    },
    {
        "id": "17915",
        "name": "Samatha McCullough"
    },
    {
        "id": "17916",
        "name": "Marylin Green"
    },
    {
        "id": "17917",
        "name": "Neville Keebler"
    },
    {
        "id": "17918",
        "name": "Brent Paucek"
    },
    {
        "id": "17919",
        "name": "Mero"
    },
    {
        "id": "17920",
        "name": "Mero"
    },
    {
        "id": "17921",
        "name": "Cherlyn Spinka"
    },
    {
        "id": "17922",
        "name": "Sophie Gutkowski"
    },
    {
        "id": "17923",
        "name": "Arturo Kiehn DVM"
    },
    {
        "id": "17925",
        "name": "Rachele Nienow"
    },
    {
        "id": "17926",
        "name": "Roberto Welch"
    },
    {
        "id": "17927",
        "name": "Margorie Stoltenberg"
    },
    {
        "id": "17928",
        "name": "Robt Hickle"
    },
    {
        "id": "17929",
        "name": "Ellis Halvorson"
    },
    {
        "id": "17932",
        "name": "Katrice Harvey"
    },
    {
        "id": "17933",
        "name": "Jacquelyne Hettinger"
    },
    {
        "id": "17934",
        "name": "Emily I"
    },
    {
        "id": "17935",
        "name": "Gregory Blick"
    },
    {
        "id": "17936",
        "name": "Ms. Pam Gusikowski"
    },
    {
        "id": "17937",
        "name": "Geneva Cassin"
    },
    {
        "id": "17938",
        "name": "Grant Dickens"
    },
    {
        "id": "17939",
        "name": "Trevor Hoeger"
    },
    {
        "id": "17940",
        "name": "Geraldine Koch"
    },
    {
        "id": "17941",
        "name": "Virginia Hoppe"
    },
    {
        "id": "17942",
        "name": "Dixie Simonis MD"
    },
    {
        "id": "17943",
        "name": "Domingo Tromp"
    },
    {
        "id": "17944",
        "name": "Jeanette Roberts"
    },
    {
        "id": "17945",
        "name": "Virgil Thiel PhD"
    },
    {
        "id": "17946",
        "name": "Carrie Davis"
    },
    {
        "id": "17947",
        "name": "Mike Smith"
    },
    {
        "id": "17949",
        "name": "Harold Smith"
    },
    {
        "id": "17950",
        "name": "Morgan Collins"
    },
    {
        "id": "17953",
        "name": "Regina Mills"
    },
    {
        "id": "17954",
        "name": "Rich Sdet"
    },
    {
        "id": "17955",
        "name": "nina"
    },
    {
        "id": "17958",
        "name": "adsnina"
    },
    {
        "id": "17960",
        "name": "Haley Wiza"
    }
]
18.09.2024 12:47:26 INFO  APIStepDefs:64 - Status Code --> 200
